2024-12-23 23:33:21,911 - flask_server - INFO - Loading spaCy model...
2024-12-23 23:33:23,658 - flask_server - INFO - Loading RSVP model...
2024-12-23 23:36:16,158 - flask_server - ERROR - Error processing sentence: 'RSVPPredictor' object has no attribute 'trainer'
2024-12-23 23:36:16,158 - flask_server - ERROR - Error processing sentence: 'RSVPPredictor' object has no attribute 'trainer'
2024-12-23 23:36:16,159 - flask_server - ERROR - Error processing sentence: 'RSVPPredictor' object has no attribute 'trainer'
2024-12-23 23:36:16,159 - flask_server - ERROR - Error processing sentence: 'RSVPPredictor' object has no attribute 'trainer'
2024-12-23 23:36:16,159 - flask_server - ERROR - Error processing sentence: 'RSVPPredictor' object has no attribute 'trainer'
2024-12-23 23:36:16,159 - flask_server - ERROR - Error processing sentence: 'RSVPPredictor' object has no attribute 'trainer'
2024-12-23 23:36:16,160 - flask_server - ERROR - Error processing sentence: 'RSVPPredictor' object has no attribute 'trainer'
2024-12-23 23:36:16,160 - flask_server - ERROR - Error processing sentence: 'RSVPPredictor' object has no attribute 'trainer'
2024-12-23 23:36:16,160 - flask_server - ERROR - Error processing sentence: 'RSVPPredictor' object has no attribute 'trainer'
2024-12-23 23:36:16,160 - flask_server - ERROR - Error processing sentence: 'RSVPPredictor' object has no attribute 'trainer'
2024-12-23 23:36:16,161 - flask_server - ERROR - Error processing sentence: 'RSVPPredictor' object has no attribute 'trainer'
2024-12-23 23:36:16,161 - flask_server - ERROR - Error processing sentence: 'RSVPPredictor' object has no attribute 'trainer'
2024-12-23 23:36:16,162 - flask_server - ERROR - Error processing sentence: 'RSVPPredictor' object has no attribute 'trainer'
2024-12-23 23:36:16,162 - flask_server - ERROR - Error processing sentence: 'RSVPPredictor' object has no attribute 'trainer'
2024-12-23 23:36:16,162 - flask_server - ERROR - Error processing sentence: 'RSVPPredictor' object has no attribute 'trainer'
2024-12-23 23:36:16,163 - flask_server - ERROR - Error processing sentence: 'RSVPPredictor' object has no attribute 'trainer'
2024-12-23 23:36:16,163 - flask_server - ERROR - Error processing sentence: 'RSVPPredictor' object has no attribute 'trainer'
2024-12-23 23:36:16,163 - flask_server - ERROR - Error processing sentence: 'RSVPPredictor' object has no attribute 'trainer'
2024-12-23 23:36:16,164 - flask_server - ERROR - Error processing sentence: 'RSVPPredictor' object has no attribute 'trainer'
2024-12-23 23:36:16,164 - flask_server - ERROR - Error processing sentence: 'RSVPPredictor' object has no attribute 'trainer'
2024-12-23 23:36:16,165 - flask_server - ERROR - Error processing sentence: 'RSVPPredictor' object has no attribute 'trainer'
2024-12-23 23:36:16,165 - flask_server - ERROR - Error processing sentence: 'RSVPPredictor' object has no attribute 'trainer'
2024-12-23 23:36:16,165 - flask_server - ERROR - Error processing sentence: 'RSVPPredictor' object has no attribute 'trainer'
2024-12-23 23:36:16,166 - flask_server - ERROR - Error processing sentence: 'RSVPPredictor' object has no attribute 'trainer'
2024-12-23 23:36:16,166 - flask_server - ERROR - Error processing sentence: 'RSVPPredictor' object has no attribute 'trainer'
2024-12-23 23:36:16,166 - flask_server - ERROR - Error processing sentence: 'RSVPPredictor' object has no attribute 'trainer'
2024-12-23 23:36:16,167 - flask_server - ERROR - Error processing sentence: 'RSVPPredictor' object has no attribute 'trainer'
2024-12-23 23:36:16,167 - flask_server - ERROR - Error processing sentence: 'RSVPPredictor' object has no attribute 'trainer'
2024-12-23 23:36:46,590 - flask_server - ERROR - Error processing sentence: 'RSVPPredictor' object has no attribute 'trainer'
2024-12-23 23:36:46,590 - flask_server - ERROR - Error processing sentence: 'RSVPPredictor' object has no attribute 'trainer'
2024-12-23 23:36:46,591 - flask_server - ERROR - Error processing sentence: 'RSVPPredictor' object has no attribute 'trainer'
2024-12-23 23:36:46,591 - flask_server - ERROR - Error processing sentence: 'RSVPPredictor' object has no attribute 'trainer'
2024-12-23 23:36:46,591 - flask_server - ERROR - Error processing sentence: 'RSVPPredictor' object has no attribute 'trainer'
2024-12-23 23:36:46,592 - flask_server - ERROR - Error processing sentence: 'RSVPPredictor' object has no attribute 'trainer'
2024-12-23 23:36:46,592 - flask_server - ERROR - Error processing sentence: 'RSVPPredictor' object has no attribute 'trainer'
2024-12-23 23:36:46,592 - flask_server - ERROR - Error processing sentence: 'RSVPPredictor' object has no attribute 'trainer'
2024-12-23 23:36:46,592 - flask_server - ERROR - Error processing sentence: 'RSVPPredictor' object has no attribute 'trainer'
2024-12-23 23:36:46,592 - flask_server - ERROR - Error processing sentence: 'RSVPPredictor' object has no attribute 'trainer'
2024-12-23 23:36:46,593 - flask_server - ERROR - Error processing sentence: 'RSVPPredictor' object has no attribute 'trainer'
2024-12-23 23:36:46,593 - flask_server - ERROR - Error processing sentence: 'RSVPPredictor' object has no attribute 'trainer'
2024-12-23 23:36:46,593 - flask_server - ERROR - Error processing sentence: 'RSVPPredictor' object has no attribute 'trainer'
2024-12-23 23:36:46,594 - flask_server - ERROR - Error processing sentence: 'RSVPPredictor' object has no attribute 'trainer'
2024-12-23 23:36:46,594 - flask_server - ERROR - Error processing sentence: 'RSVPPredictor' object has no attribute 'trainer'
2024-12-23 23:36:46,594 - flask_server - ERROR - Error processing sentence: 'RSVPPredictor' object has no attribute 'trainer'
2024-12-23 23:36:46,594 - flask_server - ERROR - Error processing sentence: 'RSVPPredictor' object has no attribute 'trainer'
2024-12-23 23:36:46,595 - flask_server - ERROR - Error processing sentence: 'RSVPPredictor' object has no attribute 'trainer'
2024-12-23 23:36:46,595 - flask_server - ERROR - Error processing sentence: 'RSVPPredictor' object has no attribute 'trainer'
2024-12-23 23:36:46,595 - flask_server - ERROR - Error processing sentence: 'RSVPPredictor' object has no attribute 'trainer'
2024-12-23 23:36:46,595 - flask_server - ERROR - Error processing sentence: 'RSVPPredictor' object has no attribute 'trainer'
2024-12-23 23:36:46,596 - flask_server - ERROR - Error processing sentence: 'RSVPPredictor' object has no attribute 'trainer'
2024-12-23 23:36:46,596 - flask_server - ERROR - Error processing sentence: 'RSVPPredictor' object has no attribute 'trainer'
2024-12-23 23:36:46,596 - flask_server - ERROR - Error processing sentence: 'RSVPPredictor' object has no attribute 'trainer'
2024-12-23 23:36:46,597 - flask_server - ERROR - Error processing sentence: 'RSVPPredictor' object has no attribute 'trainer'
2024-12-23 23:36:46,597 - flask_server - ERROR - Error processing sentence: 'RSVPPredictor' object has no attribute 'trainer'
2024-12-23 23:36:46,597 - flask_server - ERROR - Error processing sentence: 'RSVPPredictor' object has no attribute 'trainer'
2024-12-23 23:36:46,597 - flask_server - ERROR - Error processing sentence: 'RSVPPredictor' object has no attribute 'trainer'
2024-12-23 23:37:16,298 - flask_server - INFO - Loading spaCy model...
2024-12-23 23:37:17,349 - flask_server - INFO - Loading RSVP model...
2024-12-23 23:43:54,098 - flask_server - INFO - Loading spaCy model...
2024-12-23 23:43:55,301 - flask_server - INFO - Loading RSVP model...
2024-12-23 23:50:48,254 - flask_server - INFO - Loading spaCy model...
2024-12-23 23:50:49,291 - flask_server - INFO - Loading RSVP model...
2024-12-23 23:52:05,483 - flask_server - INFO - Loading spaCy model...
2024-12-23 23:52:06,593 - flask_server - INFO - Loading RSVP model...
2024-12-23 23:52:47,101 - flask_server - INFO - Loading spaCy model...
2024-12-23 23:52:48,355 - flask_server - INFO - Loading RSVP model...
2024-12-23 23:57:03,923 - __main__ - INFO - Loading spaCy model...
2024-12-23 23:57:04,909 - __main__ - INFO - Loading RSVP model...
2024-12-24 00:00:01,160 - __main__ - INFO - Loading spaCy model...
2024-12-24 00:00:02,175 - __main__ - INFO - Loading RSVP model...
2024-12-24 14:18:35,843 - __main__ - INFO - Loading spaCy model...
2024-12-24 14:18:37,482 - __main__ - INFO - Loading RSVP model...
2024-12-24 14:25:40,346 - __main__ - INFO - Loading spaCy model...
2024-12-24 14:25:41,880 - __main__ - INFO - Loading RSVP model...
2024-12-24 14:30:13,938 - __main__ - ERROR - Error processing sentence: 'RSVPPredictor' object has no attribute '_trainer'
2024-12-24 14:30:13,938 - __main__ - ERROR - Error processing sentence: 'RSVPPredictor' object has no attribute '_trainer'
2024-12-24 14:30:13,938 - __main__ - ERROR - Error processing sentence: 'RSVPPredictor' object has no attribute '_trainer'
2024-12-24 14:30:13,939 - __main__ - ERROR - Error processing sentence: 'RSVPPredictor' object has no attribute '_trainer'
2024-12-24 14:30:13,939 - __main__ - ERROR - Error processing sentence: 'RSVPPredictor' object has no attribute '_trainer'
2024-12-24 14:30:13,939 - __main__ - ERROR - Error processing sentence: 'RSVPPredictor' object has no attribute '_trainer'
2024-12-24 14:30:13,939 - __main__ - ERROR - Error processing sentence: 'RSVPPredictor' object has no attribute '_trainer'
2024-12-24 14:30:13,940 - __main__ - ERROR - Error processing sentence: 'RSVPPredictor' object has no attribute '_trainer'
2024-12-24 14:30:13,940 - __main__ - ERROR - Error processing sentence: 'RSVPPredictor' object has no attribute '_trainer'
2024-12-24 14:30:13,940 - __main__ - ERROR - Error processing sentence: 'RSVPPredictor' object has no attribute '_trainer'
2024-12-24 14:30:13,940 - __main__ - ERROR - Error processing sentence: 'RSVPPredictor' object has no attribute '_trainer'
2024-12-24 14:30:13,941 - __main__ - ERROR - Error processing sentence: 'RSVPPredictor' object has no attribute '_trainer'
2024-12-24 14:30:13,941 - __main__ - ERROR - Error processing sentence: 'RSVPPredictor' object has no attribute '_trainer'
2024-12-24 14:30:13,941 - __main__ - ERROR - Error processing sentence: 'RSVPPredictor' object has no attribute '_trainer'
2024-12-24 14:30:13,941 - __main__ - ERROR - Error processing sentence: 'RSVPPredictor' object has no attribute '_trainer'
2024-12-24 14:30:13,942 - __main__ - ERROR - Error processing sentence: 'RSVPPredictor' object has no attribute '_trainer'
2024-12-24 14:30:13,942 - __main__ - ERROR - Error processing sentence: 'RSVPPredictor' object has no attribute '_trainer'
2024-12-24 14:30:13,942 - __main__ - ERROR - Error processing sentence: 'RSVPPredictor' object has no attribute '_trainer'
2024-12-24 14:30:13,942 - __main__ - ERROR - Error processing sentence: 'RSVPPredictor' object has no attribute '_trainer'
2024-12-24 14:30:13,943 - __main__ - ERROR - Error processing sentence: 'RSVPPredictor' object has no attribute '_trainer'
2024-12-24 14:30:52,468 - __main__ - ERROR - Error processing sentence: 'RSVPPredictor' object has no attribute '_trainer'
2024-12-24 14:30:52,468 - __main__ - ERROR - Error processing sentence: 'RSVPPredictor' object has no attribute '_trainer'
2024-12-24 14:31:13,308 - __main__ - INFO - Loading spaCy model...
2024-12-24 14:31:14,672 - __main__ - INFO - Loading RSVP model...
2024-12-24 14:31:46,159 - __main__ - ERROR - Error processing sentence: 'RSVPPredictor' object has no attribute '_trainer'
2024-12-24 14:31:46,160 - __main__ - ERROR - Error processing sentence: 'RSVPPredictor' object has no attribute '_trainer'
2024-12-24 14:31:46,160 - __main__ - ERROR - Error processing sentence: 'RSVPPredictor' object has no attribute '_trainer'
2024-12-24 14:31:46,161 - __main__ - ERROR - Error processing sentence: 'RSVPPredictor' object has no attribute '_trainer'
2024-12-24 14:31:46,161 - __main__ - ERROR - Error processing sentence: 'RSVPPredictor' object has no attribute '_trainer'
2024-12-24 14:31:46,161 - __main__ - ERROR - Error processing sentence: 'RSVPPredictor' object has no attribute '_trainer'
2024-12-24 14:31:46,161 - __main__ - ERROR - Error processing sentence: 'RSVPPredictor' object has no attribute '_trainer'
2024-12-24 14:31:46,162 - __main__ - ERROR - Error processing sentence: 'RSVPPredictor' object has no attribute '_trainer'
2024-12-24 14:31:46,162 - __main__ - ERROR - Error processing sentence: 'RSVPPredictor' object has no attribute '_trainer'
2024-12-24 14:31:46,162 - __main__ - ERROR - Error processing sentence: 'RSVPPredictor' object has no attribute '_trainer'
2024-12-24 14:31:46,163 - __main__ - ERROR - Error processing sentence: 'RSVPPredictor' object has no attribute '_trainer'
2024-12-24 14:31:46,163 - __main__ - ERROR - Error processing sentence: 'RSVPPredictor' object has no attribute '_trainer'
2024-12-24 14:31:46,163 - __main__ - ERROR - Error processing sentence: 'RSVPPredictor' object has no attribute '_trainer'
2024-12-24 14:31:46,163 - __main__ - ERROR - Error processing sentence: 'RSVPPredictor' object has no attribute '_trainer'
2024-12-24 14:31:46,164 - __main__ - ERROR - Error processing sentence: 'RSVPPredictor' object has no attribute '_trainer'
2024-12-24 14:31:46,164 - __main__ - ERROR - Error processing sentence: 'RSVPPredictor' object has no attribute '_trainer'
2024-12-24 14:31:46,164 - __main__ - ERROR - Error processing sentence: 'RSVPPredictor' object has no attribute '_trainer'
2024-12-24 14:31:46,164 - __main__ - ERROR - Error processing sentence: 'RSVPPredictor' object has no attribute '_trainer'
2024-12-24 14:31:46,165 - __main__ - ERROR - Error processing sentence: 'RSVPPredictor' object has no attribute '_trainer'
2024-12-24 14:31:46,165 - __main__ - ERROR - Error processing sentence: 'RSVPPredictor' object has no attribute '_trainer'
2024-12-24 14:31:46,165 - __main__ - ERROR - Error processing sentence: 'RSVPPredictor' object has no attribute '_trainer'
2024-12-24 14:31:46,166 - __main__ - ERROR - Error processing sentence: 'RSVPPredictor' object has no attribute '_trainer'
2024-12-24 14:31:46,166 - __main__ - ERROR - Error processing sentence: 'RSVPPredictor' object has no attribute '_trainer'
2024-12-24 14:31:46,166 - __main__ - ERROR - Error processing sentence: 'RSVPPredictor' object has no attribute '_trainer'
2024-12-24 14:31:46,166 - __main__ - ERROR - Error processing sentence: 'RSVPPredictor' object has no attribute '_trainer'
2024-12-24 14:31:46,167 - __main__ - ERROR - Error processing sentence: 'RSVPPredictor' object has no attribute '_trainer'
2024-12-24 14:31:46,167 - __main__ - ERROR - Error processing sentence: 'RSVPPredictor' object has no attribute '_trainer'
2024-12-24 14:31:46,167 - __main__ - ERROR - Error processing sentence: 'RSVPPredictor' object has no attribute '_trainer'
2024-12-24 14:31:46,168 - __main__ - ERROR - Error processing sentence: 'RSVPPredictor' object has no attribute '_trainer'
2024-12-24 14:31:46,168 - __main__ - ERROR - Error processing sentence: 'RSVPPredictor' object has no attribute '_trainer'
2024-12-24 14:31:46,168 - __main__ - ERROR - Error processing sentence: 'RSVPPredictor' object has no attribute '_trainer'
2024-12-24 14:31:46,168 - __main__ - ERROR - Error processing sentence: 'RSVPPredictor' object has no attribute '_trainer'
2024-12-24 14:31:46,169 - __main__ - ERROR - Error processing sentence: 'RSVPPredictor' object has no attribute '_trainer'
2024-12-24 14:31:46,169 - __main__ - ERROR - Error processing sentence: 'RSVPPredictor' object has no attribute '_trainer'
2024-12-24 14:31:46,169 - __main__ - ERROR - Error processing sentence: 'RSVPPredictor' object has no attribute '_trainer'
2024-12-24 14:31:46,169 - __main__ - ERROR - Error processing sentence: 'RSVPPredictor' object has no attribute '_trainer'
2024-12-24 14:31:46,170 - __main__ - ERROR - Error processing sentence: 'RSVPPredictor' object has no attribute '_trainer'
2024-12-24 14:31:46,170 - __main__ - ERROR - Error processing sentence: 'RSVPPredictor' object has no attribute '_trainer'
2024-12-24 14:31:46,170 - __main__ - ERROR - Error processing sentence: 'RSVPPredictor' object has no attribute '_trainer'
2024-12-24 14:31:46,171 - __main__ - ERROR - Error processing sentence: 'RSVPPredictor' object has no attribute '_trainer'
2024-12-24 14:31:46,171 - __main__ - ERROR - Error processing sentence: 'RSVPPredictor' object has no attribute '_trainer'
2024-12-24 14:31:46,171 - __main__ - ERROR - Error processing sentence: 'RSVPPredictor' object has no attribute '_trainer'
2024-12-24 14:31:46,171 - __main__ - ERROR - Error processing sentence: 'RSVPPredictor' object has no attribute '_trainer'
2024-12-24 14:31:46,172 - __main__ - ERROR - Error processing sentence: 'RSVPPredictor' object has no attribute '_trainer'
2024-12-24 14:31:46,172 - __main__ - ERROR - Error processing sentence: 'RSVPPredictor' object has no attribute '_trainer'
2024-12-24 14:31:46,172 - __main__ - ERROR - Error processing sentence: 'RSVPPredictor' object has no attribute '_trainer'
2024-12-24 14:31:46,172 - __main__ - ERROR - Error processing sentence: 'RSVPPredictor' object has no attribute '_trainer'
2024-12-24 14:31:46,173 - __main__ - ERROR - Error processing sentence: 'RSVPPredictor' object has no attribute '_trainer'
2024-12-24 14:31:46,173 - __main__ - ERROR - Error processing sentence: 'RSVPPredictor' object has no attribute '_trainer'
2024-12-24 14:31:46,173 - __main__ - ERROR - Error processing sentence: 'RSVPPredictor' object has no attribute '_trainer'
2024-12-24 14:31:46,173 - __main__ - ERROR - Error processing sentence: 'RSVPPredictor' object has no attribute '_trainer'
2024-12-24 14:31:46,174 - __main__ - ERROR - Error processing sentence: 'RSVPPredictor' object has no attribute '_trainer'
2024-12-24 14:31:46,174 - __main__ - ERROR - Error processing sentence: 'RSVPPredictor' object has no attribute '_trainer'
2024-12-24 14:31:46,174 - __main__ - ERROR - Error processing sentence: 'RSVPPredictor' object has no attribute '_trainer'
2024-12-24 14:31:46,174 - __main__ - ERROR - Error processing sentence: 'RSVPPredictor' object has no attribute '_trainer'
2024-12-24 14:31:46,175 - __main__ - ERROR - Error processing sentence: 'RSVPPredictor' object has no attribute '_trainer'
2024-12-24 14:31:46,175 - __main__ - ERROR - Error processing sentence: 'RSVPPredictor' object has no attribute '_trainer'
2024-12-24 14:31:46,175 - __main__ - ERROR - Error processing sentence: 'RSVPPredictor' object has no attribute '_trainer'
2024-12-24 14:31:46,175 - __main__ - ERROR - Error processing sentence: 'RSVPPredictor' object has no attribute '_trainer'
2024-12-24 14:31:46,176 - __main__ - ERROR - Error processing sentence: 'RSVPPredictor' object has no attribute '_trainer'
2024-12-24 14:31:46,176 - __main__ - ERROR - Error processing sentence: 'RSVPPredictor' object has no attribute '_trainer'
2024-12-24 14:31:46,176 - __main__ - ERROR - Error processing sentence: 'RSVPPredictor' object has no attribute '_trainer'
2024-12-24 14:31:46,176 - __main__ - ERROR - Error processing sentence: 'RSVPPredictor' object has no attribute '_trainer'
2024-12-24 14:31:46,177 - __main__ - ERROR - Error processing sentence: 'RSVPPredictor' object has no attribute '_trainer'
2024-12-24 14:31:46,177 - __main__ - ERROR - Error processing sentence: 'RSVPPredictor' object has no attribute '_trainer'
2024-12-24 14:31:46,177 - __main__ - ERROR - Error processing sentence: 'RSVPPredictor' object has no attribute '_trainer'
2024-12-24 14:31:46,177 - __main__ - ERROR - Error processing sentence: 'RSVPPredictor' object has no attribute '_trainer'
2024-12-24 14:31:46,178 - __main__ - ERROR - Error processing sentence: 'RSVPPredictor' object has no attribute '_trainer'
2024-12-24 14:31:46,178 - __main__ - ERROR - Error processing sentence: 'RSVPPredictor' object has no attribute '_trainer'
2024-12-24 14:31:46,178 - __main__ - ERROR - Error processing sentence: 'RSVPPredictor' object has no attribute '_trainer'
2024-12-24 14:31:46,178 - __main__ - ERROR - Error processing sentence: 'RSVPPredictor' object has no attribute '_trainer'
2024-12-24 14:31:46,179 - __main__ - ERROR - Error processing sentence: 'RSVPPredictor' object has no attribute '_trainer'
2024-12-24 14:31:46,179 - __main__ - ERROR - Error processing sentence: 'RSVPPredictor' object has no attribute '_trainer'
2024-12-24 14:31:46,179 - __main__ - ERROR - Error processing sentence: 'RSVPPredictor' object has no attribute '_trainer'
2024-12-24 14:31:46,179 - __main__ - ERROR - Error processing sentence: 'RSVPPredictor' object has no attribute '_trainer'
2024-12-24 14:31:46,180 - __main__ - ERROR - Error processing sentence: 'RSVPPredictor' object has no attribute '_trainer'
2024-12-24 14:31:46,180 - __main__ - ERROR - Error processing sentence: 'RSVPPredictor' object has no attribute '_trainer'
2024-12-24 14:31:46,180 - __main__ - ERROR - Error processing sentence: 'RSVPPredictor' object has no attribute '_trainer'
2024-12-24 14:38:54,079 - __main__ - ERROR - Error processing sentence: 'RSVPPredictor' object has no attribute '_trainer'
2024-12-24 14:38:54,079 - __main__ - ERROR - Error processing sentence: 'RSVPPredictor' object has no attribute '_trainer'
2024-12-24 14:38:54,080 - __main__ - ERROR - Error processing sentence: 'RSVPPredictor' object has no attribute '_trainer'
2024-12-24 14:38:54,080 - __main__ - ERROR - Error processing sentence: 'RSVPPredictor' object has no attribute '_trainer'
2024-12-24 14:38:54,080 - __main__ - ERROR - Error processing sentence: 'RSVPPredictor' object has no attribute '_trainer'
2024-12-24 14:38:54,081 - __main__ - ERROR - Error processing sentence: 'RSVPPredictor' object has no attribute '_trainer'
2024-12-24 14:38:54,081 - __main__ - ERROR - Error processing sentence: 'RSVPPredictor' object has no attribute '_trainer'
2024-12-24 14:38:54,081 - __main__ - ERROR - Error processing sentence: 'RSVPPredictor' object has no attribute '_trainer'
2024-12-24 14:38:54,081 - __main__ - ERROR - Error processing sentence: 'RSVPPredictor' object has no attribute '_trainer'
2024-12-24 14:38:54,082 - __main__ - ERROR - Error processing sentence: 'RSVPPredictor' object has no attribute '_trainer'
2024-12-24 14:38:54,082 - __main__ - ERROR - Error processing sentence: 'RSVPPredictor' object has no attribute '_trainer'
2024-12-24 14:38:54,082 - __main__ - ERROR - Error processing sentence: 'RSVPPredictor' object has no attribute '_trainer'
2024-12-24 14:38:54,082 - __main__ - ERROR - Error processing sentence: 'RSVPPredictor' object has no attribute '_trainer'
2024-12-24 14:38:54,083 - __main__ - ERROR - Error processing sentence: 'RSVPPredictor' object has no attribute '_trainer'
2024-12-24 14:38:54,083 - __main__ - ERROR - Error processing sentence: 'RSVPPredictor' object has no attribute '_trainer'
2024-12-24 14:38:54,083 - __main__ - ERROR - Error processing sentence: 'RSVPPredictor' object has no attribute '_trainer'
2024-12-24 14:38:54,083 - __main__ - ERROR - Error processing sentence: 'RSVPPredictor' object has no attribute '_trainer'
2024-12-24 14:38:54,084 - __main__ - ERROR - Error processing sentence: 'RSVPPredictor' object has no attribute '_trainer'
2024-12-24 14:38:54,084 - __main__ - ERROR - Error processing sentence: 'RSVPPredictor' object has no attribute '_trainer'
2024-12-24 14:38:54,084 - __main__ - ERROR - Error processing sentence: 'RSVPPredictor' object has no attribute '_trainer'
2024-12-24 14:39:55,948 - __main__ - INFO - Loading spaCy model...
2024-12-24 14:39:57,020 - __main__ - INFO - Loading RSVP model...
2024-12-24 14:40:30,445 - __main__ - ERROR - Error processing sentence: 'RSVPPredictor' object has no attribute '_trainer'
2024-12-24 14:40:30,446 - __main__ - ERROR - Error processing sentence: 'RSVPPredictor' object has no attribute '_trainer'
2024-12-24 14:40:30,446 - __main__ - ERROR - Error processing sentence: 'RSVPPredictor' object has no attribute '_trainer'
2024-12-24 14:40:30,446 - __main__ - ERROR - Error processing sentence: 'RSVPPredictor' object has no attribute '_trainer'
2024-12-24 14:40:30,447 - __main__ - ERROR - Error processing sentence: 'RSVPPredictor' object has no attribute '_trainer'
2024-12-24 14:40:30,447 - __main__ - ERROR - Error processing sentence: 'RSVPPredictor' object has no attribute '_trainer'
2024-12-24 14:40:30,447 - __main__ - ERROR - Error processing sentence: 'RSVPPredictor' object has no attribute '_trainer'
2024-12-24 14:40:30,447 - __main__ - ERROR - Error processing sentence: 'RSVPPredictor' object has no attribute '_trainer'
2024-12-24 14:40:30,448 - __main__ - ERROR - Error processing sentence: 'RSVPPredictor' object has no attribute '_trainer'
2024-12-24 14:40:30,448 - __main__ - ERROR - Error processing sentence: 'RSVPPredictor' object has no attribute '_trainer'
2024-12-24 14:40:30,448 - __main__ - ERROR - Error processing sentence: 'RSVPPredictor' object has no attribute '_trainer'
2024-12-24 14:40:30,448 - __main__ - ERROR - Error processing sentence: 'RSVPPredictor' object has no attribute '_trainer'
2024-12-24 14:40:30,448 - __main__ - ERROR - Error processing sentence: 'RSVPPredictor' object has no attribute '_trainer'
2024-12-24 14:40:30,450 - __main__ - ERROR - Error processing sentence: 'RSVPPredictor' object has no attribute '_trainer'
2024-12-24 14:40:30,450 - __main__ - ERROR - Error processing sentence: 'RSVPPredictor' object has no attribute '_trainer'
2024-12-24 14:40:30,450 - __main__ - ERROR - Error processing sentence: 'RSVPPredictor' object has no attribute '_trainer'
2024-12-24 14:40:30,451 - __main__ - ERROR - Error processing sentence: 'RSVPPredictor' object has no attribute '_trainer'
2024-12-24 14:40:30,451 - __main__ - ERROR - Error processing sentence: 'RSVPPredictor' object has no attribute '_trainer'
2024-12-24 14:40:30,451 - __main__ - ERROR - Error processing sentence: 'RSVPPredictor' object has no attribute '_trainer'
2024-12-24 14:40:30,451 - __main__ - ERROR - Error processing sentence: 'RSVPPredictor' object has no attribute '_trainer'
2024-12-24 14:42:10,787 - __main__ - ERROR - Error processing sentence: 'RSVPPredictor' object has no attribute '_trainer'
2024-12-24 14:42:10,788 - __main__ - ERROR - Error processing sentence: 'RSVPPredictor' object has no attribute '_trainer'
2024-12-24 14:42:10,788 - __main__ - ERROR - Error processing sentence: 'RSVPPredictor' object has no attribute '_trainer'
2024-12-24 14:42:10,788 - __main__ - ERROR - Error processing sentence: 'RSVPPredictor' object has no attribute '_trainer'
2024-12-24 14:42:10,789 - __main__ - ERROR - Error processing sentence: 'RSVPPredictor' object has no attribute '_trainer'
2024-12-24 14:42:10,789 - __main__ - ERROR - Error processing sentence: 'RSVPPredictor' object has no attribute '_trainer'
2024-12-24 14:42:10,789 - __main__ - ERROR - Error processing sentence: 'RSVPPredictor' object has no attribute '_trainer'
2024-12-24 14:42:10,789 - __main__ - ERROR - Error processing sentence: 'RSVPPredictor' object has no attribute '_trainer'
2024-12-24 14:42:10,790 - __main__ - ERROR - Error processing sentence: 'RSVPPredictor' object has no attribute '_trainer'
2024-12-24 14:42:10,790 - __main__ - ERROR - Error processing sentence: 'RSVPPredictor' object has no attribute '_trainer'
2024-12-24 14:42:10,790 - __main__ - ERROR - Error processing sentence: 'RSVPPredictor' object has no attribute '_trainer'
2024-12-24 14:42:10,790 - __main__ - ERROR - Error processing sentence: 'RSVPPredictor' object has no attribute '_trainer'
2024-12-24 14:42:10,791 - __main__ - ERROR - Error processing sentence: 'RSVPPredictor' object has no attribute '_trainer'
2024-12-24 14:42:10,791 - __main__ - ERROR - Error processing sentence: 'RSVPPredictor' object has no attribute '_trainer'
2024-12-24 14:42:10,791 - __main__ - ERROR - Error processing sentence: 'RSVPPredictor' object has no attribute '_trainer'
2024-12-24 14:42:10,791 - __main__ - ERROR - Error processing sentence: 'RSVPPredictor' object has no attribute '_trainer'
2024-12-24 14:42:10,792 - __main__ - ERROR - Error processing sentence: 'RSVPPredictor' object has no attribute '_trainer'
2024-12-24 14:42:10,792 - __main__ - ERROR - Error processing sentence: 'RSVPPredictor' object has no attribute '_trainer'
2024-12-24 14:42:10,792 - __main__ - ERROR - Error processing sentence: 'RSVPPredictor' object has no attribute '_trainer'
2024-12-24 14:42:10,792 - __main__ - ERROR - Error processing sentence: 'RSVPPredictor' object has no attribute '_trainer'
2024-12-24 14:42:20,805 - __main__ - ERROR - Error processing sentence: 'RSVPPredictor' object has no attribute '_trainer'
2024-12-24 14:42:20,805 - __main__ - ERROR - Error processing sentence: 'RSVPPredictor' object has no attribute '_trainer'
2024-12-24 14:42:31,899 - __main__ - INFO - Loading spaCy model...
2024-12-24 14:42:32,965 - __main__ - INFO - Loading RSVP model...
2024-12-24 14:42:45,699 - __main__ - ERROR - Error processing sentence: 'RSVPPredictor' object has no attribute '_trainer'
2024-12-24 14:42:45,699 - __main__ - ERROR - Error processing sentence: 'RSVPPredictor' object has no attribute '_trainer'
2024-12-24 14:42:45,700 - __main__ - ERROR - Error processing sentence: 'RSVPPredictor' object has no attribute '_trainer'
2024-12-24 14:42:45,700 - __main__ - ERROR - Error processing sentence: 'RSVPPredictor' object has no attribute '_trainer'
2024-12-24 14:42:45,700 - __main__ - ERROR - Error processing sentence: 'RSVPPredictor' object has no attribute '_trainer'
2024-12-24 14:42:45,701 - __main__ - ERROR - Error processing sentence: 'RSVPPredictor' object has no attribute '_trainer'
2024-12-24 14:42:45,701 - __main__ - ERROR - Error processing sentence: 'RSVPPredictor' object has no attribute '_trainer'
2024-12-24 14:42:45,701 - __main__ - ERROR - Error processing sentence: 'RSVPPredictor' object has no attribute '_trainer'
2024-12-24 14:42:45,702 - __main__ - ERROR - Error processing sentence: 'RSVPPredictor' object has no attribute '_trainer'
2024-12-24 14:42:45,702 - __main__ - ERROR - Error processing sentence: 'RSVPPredictor' object has no attribute '_trainer'
2024-12-24 14:42:45,702 - __main__ - ERROR - Error processing sentence: 'RSVPPredictor' object has no attribute '_trainer'
2024-12-24 14:42:45,702 - __main__ - ERROR - Error processing sentence: 'RSVPPredictor' object has no attribute '_trainer'
2024-12-24 14:42:45,703 - __main__ - ERROR - Error processing sentence: 'RSVPPredictor' object has no attribute '_trainer'
2024-12-24 14:42:45,703 - __main__ - ERROR - Error processing sentence: 'RSVPPredictor' object has no attribute '_trainer'
2024-12-24 14:42:45,703 - __main__ - ERROR - Error processing sentence: 'RSVPPredictor' object has no attribute '_trainer'
2024-12-24 14:42:45,703 - __main__ - ERROR - Error processing sentence: 'RSVPPredictor' object has no attribute '_trainer'
2024-12-24 14:42:45,704 - __main__ - ERROR - Error processing sentence: 'RSVPPredictor' object has no attribute '_trainer'
2024-12-24 14:42:45,704 - __main__ - ERROR - Error processing sentence: 'RSVPPredictor' object has no attribute '_trainer'
2024-12-24 14:42:45,704 - __main__ - ERROR - Error processing sentence: 'RSVPPredictor' object has no attribute '_trainer'
2024-12-24 14:42:45,704 - __main__ - ERROR - Error processing sentence: 'RSVPPredictor' object has no attribute '_trainer'
2024-12-24 14:42:59,006 - __main__ - ERROR - Error processing sentence: 'RSVPPredictor' object has no attribute '_trainer'
2024-12-24 14:42:59,006 - __main__ - ERROR - Error processing sentence: 'RSVPPredictor' object has no attribute '_trainer'
2024-12-24 14:44:14,768 - __main__ - INFO - Loading spaCy model...
2024-12-24 14:44:16,201 - __main__ - INFO - Loading RSVP model...
2024-12-24 14:44:18,184 - __main__ - ERROR - Error processing sentence: 'RSVPPredictor' object has no attribute '_trainer'
2024-12-24 14:44:18,185 - __main__ - ERROR - Error processing sentence: 'RSVPPredictor' object has no attribute '_trainer'
2024-12-24 14:44:18,185 - __main__ - ERROR - Error processing sentence: 'RSVPPredictor' object has no attribute '_trainer'
2024-12-24 14:44:18,185 - __main__ - ERROR - Error processing sentence: 'RSVPPredictor' object has no attribute '_trainer'
2024-12-24 14:44:18,186 - __main__ - ERROR - Error processing sentence: 'RSVPPredictor' object has no attribute '_trainer'
2024-12-24 14:44:18,186 - __main__ - ERROR - Error processing sentence: 'RSVPPredictor' object has no attribute '_trainer'
2024-12-24 14:44:18,186 - __main__ - ERROR - Error processing sentence: 'RSVPPredictor' object has no attribute '_trainer'
2024-12-24 14:44:18,186 - __main__ - ERROR - Error processing sentence: 'RSVPPredictor' object has no attribute '_trainer'
2024-12-24 14:44:18,187 - __main__ - ERROR - Error processing sentence: 'RSVPPredictor' object has no attribute '_trainer'
2024-12-24 14:44:18,187 - __main__ - ERROR - Error processing sentence: 'RSVPPredictor' object has no attribute '_trainer'
2024-12-24 14:44:18,187 - __main__ - ERROR - Error processing sentence: 'RSVPPredictor' object has no attribute '_trainer'
2024-12-24 14:44:18,188 - __main__ - ERROR - Error processing sentence: 'RSVPPredictor' object has no attribute '_trainer'
2024-12-24 14:44:18,188 - __main__ - ERROR - Error processing sentence: 'RSVPPredictor' object has no attribute '_trainer'
2024-12-24 14:44:18,188 - __main__ - ERROR - Error processing sentence: 'RSVPPredictor' object has no attribute '_trainer'
2024-12-24 14:44:18,188 - __main__ - ERROR - Error processing sentence: 'RSVPPredictor' object has no attribute '_trainer'
2024-12-24 14:44:18,189 - __main__ - ERROR - Error processing sentence: 'RSVPPredictor' object has no attribute '_trainer'
2024-12-24 14:44:18,189 - __main__ - ERROR - Error processing sentence: 'RSVPPredictor' object has no attribute '_trainer'
2024-12-24 14:44:18,189 - __main__ - ERROR - Error processing sentence: 'RSVPPredictor' object has no attribute '_trainer'
2024-12-24 14:44:18,189 - __main__ - ERROR - Error processing sentence: 'RSVPPredictor' object has no attribute '_trainer'
2024-12-24 14:44:18,190 - __main__ - ERROR - Error processing sentence: 'RSVPPredictor' object has no attribute '_trainer'
2024-12-24 14:44:21,021 - __main__ - ERROR - Error processing sentence: 'RSVPPredictor' object has no attribute '_trainer'
2024-12-24 14:44:21,021 - __main__ - ERROR - Error processing sentence: 'RSVPPredictor' object has no attribute '_trainer'
2024-12-24 14:44:21,022 - __main__ - ERROR - Error processing sentence: 'RSVPPredictor' object has no attribute '_trainer'
2024-12-24 14:44:21,022 - __main__ - ERROR - Error processing sentence: 'RSVPPredictor' object has no attribute '_trainer'
2024-12-24 14:44:21,022 - __main__ - ERROR - Error processing sentence: 'RSVPPredictor' object has no attribute '_trainer'
2024-12-24 14:44:21,023 - __main__ - ERROR - Error processing sentence: 'RSVPPredictor' object has no attribute '_trainer'
2024-12-24 14:44:21,023 - __main__ - ERROR - Error processing sentence: 'RSVPPredictor' object has no attribute '_trainer'
2024-12-24 14:44:21,023 - __main__ - ERROR - Error processing sentence: 'RSVPPredictor' object has no attribute '_trainer'
2024-12-24 14:44:21,023 - __main__ - ERROR - Error processing sentence: 'RSVPPredictor' object has no attribute '_trainer'
2024-12-24 14:44:21,023 - __main__ - ERROR - Error processing sentence: 'RSVPPredictor' object has no attribute '_trainer'
2024-12-24 14:44:21,024 - __main__ - ERROR - Error processing sentence: 'RSVPPredictor' object has no attribute '_trainer'
2024-12-24 14:44:21,024 - __main__ - ERROR - Error processing sentence: 'RSVPPredictor' object has no attribute '_trainer'
2024-12-24 14:44:21,024 - __main__ - ERROR - Error processing sentence: 'RSVPPredictor' object has no attribute '_trainer'
2024-12-24 14:44:21,025 - __main__ - ERROR - Error processing sentence: 'RSVPPredictor' object has no attribute '_trainer'
2024-12-24 14:44:21,025 - __main__ - ERROR - Error processing sentence: 'RSVPPredictor' object has no attribute '_trainer'
2024-12-24 14:44:21,025 - __main__ - ERROR - Error processing sentence: 'RSVPPredictor' object has no attribute '_trainer'
2024-12-24 14:44:21,025 - __main__ - ERROR - Error processing sentence: 'RSVPPredictor' object has no attribute '_trainer'
2024-12-24 14:44:21,026 - __main__ - ERROR - Error processing sentence: 'RSVPPredictor' object has no attribute '_trainer'
2024-12-24 14:44:21,026 - __main__ - ERROR - Error processing sentence: 'RSVPPredictor' object has no attribute '_trainer'
2024-12-24 14:44:21,026 - __main__ - ERROR - Error processing sentence: 'RSVPPredictor' object has no attribute '_trainer'
2024-12-24 14:44:23,900 - __main__ - ERROR - Error processing sentence: 'RSVPPredictor' object has no attribute '_trainer'
2024-12-24 14:44:23,900 - __main__ - ERROR - Error processing sentence: 'RSVPPredictor' object has no attribute '_trainer'
2024-12-24 14:44:23,901 - __main__ - ERROR - Error processing sentence: 'RSVPPredictor' object has no attribute '_trainer'
2024-12-24 14:44:23,901 - __main__ - ERROR - Error processing sentence: 'RSVPPredictor' object has no attribute '_trainer'
2024-12-24 14:44:23,901 - __main__ - ERROR - Error processing sentence: 'RSVPPredictor' object has no attribute '_trainer'
2024-12-24 14:44:23,902 - __main__ - ERROR - Error processing sentence: 'RSVPPredictor' object has no attribute '_trainer'
2024-12-24 14:44:23,902 - __main__ - ERROR - Error processing sentence: 'RSVPPredictor' object has no attribute '_trainer'
2024-12-24 14:44:23,902 - __main__ - ERROR - Error processing sentence: 'RSVPPredictor' object has no attribute '_trainer'
2024-12-24 14:44:23,902 - __main__ - ERROR - Error processing sentence: 'RSVPPredictor' object has no attribute '_trainer'
2024-12-24 14:44:23,903 - __main__ - ERROR - Error processing sentence: 'RSVPPredictor' object has no attribute '_trainer'
2024-12-24 14:44:23,903 - __main__ - ERROR - Error processing sentence: 'RSVPPredictor' object has no attribute '_trainer'
2024-12-24 14:44:23,903 - __main__ - ERROR - Error processing sentence: 'RSVPPredictor' object has no attribute '_trainer'
2024-12-24 14:44:23,903 - __main__ - ERROR - Error processing sentence: 'RSVPPredictor' object has no attribute '_trainer'
2024-12-24 14:44:23,904 - __main__ - ERROR - Error processing sentence: 'RSVPPredictor' object has no attribute '_trainer'
2024-12-24 14:44:23,904 - __main__ - ERROR - Error processing sentence: 'RSVPPredictor' object has no attribute '_trainer'
2024-12-24 14:44:23,904 - __main__ - ERROR - Error processing sentence: 'RSVPPredictor' object has no attribute '_trainer'
2024-12-24 14:44:23,904 - __main__ - ERROR - Error processing sentence: 'RSVPPredictor' object has no attribute '_trainer'
2024-12-24 14:44:23,905 - __main__ - ERROR - Error processing sentence: 'RSVPPredictor' object has no attribute '_trainer'
2024-12-24 14:44:23,905 - __main__ - ERROR - Error processing sentence: 'RSVPPredictor' object has no attribute '_trainer'
2024-12-24 14:44:23,905 - __main__ - ERROR - Error processing sentence: 'RSVPPredictor' object has no attribute '_trainer'
2024-12-24 14:44:42,513 - __main__ - ERROR - Error processing sentence: 'RSVPPredictor' object has no attribute '_trainer'
2024-12-24 14:44:42,514 - __main__ - ERROR - Error processing sentence: 'RSVPPredictor' object has no attribute '_trainer'
2024-12-24 14:44:54,279 - __main__ - INFO - Loading spaCy model...
2024-12-24 14:44:55,718 - __main__ - INFO - Loading RSVP model...
2024-12-24 14:45:31,692 - __main__ - INFO - Loading spaCy model...
2024-12-24 14:45:32,548 - __main__ - INFO - Loading RSVP model...
2024-12-24 14:45:51,948 - __main__ - ERROR - Error processing sentence: 'RSVPPredictor' object has no attribute '_trainer'
2024-12-24 14:45:51,948 - __main__ - ERROR - Error processing sentence: 'RSVPPredictor' object has no attribute '_trainer'
2024-12-24 14:46:20,250 - __main__ - ERROR - Error processing sentence: 'RSVPPredictor' object has no attribute '_trainer'
2024-12-24 14:46:20,251 - __main__ - ERROR - Error processing sentence: 'RSVPPredictor' object has no attribute '_trainer'
2024-12-24 14:46:34,313 - __main__ - INFO - Loading spaCy model...
2024-12-24 14:46:35,220 - __main__ - INFO - Loading RSVP model...
2024-12-24 14:46:41,110 - __main__ - ERROR - Error processing sentence: 'RSVPPredictor' object has no attribute '_trainer'
2024-12-24 14:46:41,110 - __main__ - ERROR - Error processing sentence: 'RSVPPredictor' object has no attribute '_trainer'
2024-12-24 14:46:48,962 - __main__ - ERROR - Error processing sentence: 'RSVPPredictor' object has no attribute '_trainer'
2024-12-24 14:46:48,962 - __main__ - ERROR - Error processing sentence: 'RSVPPredictor' object has no attribute '_trainer'
2024-12-24 14:46:50,332 - __main__ - ERROR - Error processing sentence: 'RSVPPredictor' object has no attribute '_trainer'
2024-12-24 14:46:50,333 - __main__ - ERROR - Error processing sentence: 'RSVPPredictor' object has no attribute '_trainer'
2024-12-24 14:47:09,280 - __main__ - INFO - Loading spaCy model...
2024-12-24 14:47:10,116 - __main__ - INFO - Loading RSVP model...
2024-12-24 14:47:16,492 - __main__ - ERROR - Error processing sentence: 'RSVPPredictor' object has no attribute '_trainer'
2024-12-24 14:47:16,492 - __main__ - ERROR - Error processing sentence: 'RSVPPredictor' object has no attribute '_trainer'
2024-12-24 14:47:53,415 - __main__ - ERROR - Error processing sentence: 'RSVPPredictor' object has no attribute '_trainer'
2024-12-24 14:47:53,416 - __main__ - ERROR - Error processing sentence: 'RSVPPredictor' object has no attribute '_trainer'
2024-12-24 14:48:56,513 - __main__ - INFO - Loading spaCy model...
2024-12-24 14:48:57,878 - __main__ - INFO - Loading RSVP model...
2024-12-24 14:49:01,144 - __main__ - ERROR - Error processing sentence: 'RSVPPredictor' object has no attribute '_trainer'
2024-12-24 14:49:01,145 - __main__ - ERROR - Error processing sentence: 'RSVPPredictor' object has no attribute '_trainer'
2024-12-24 14:49:11,284 - __main__ - ERROR - Error processing sentence: 'RSVPPredictor' object has no attribute '_trainer'
2024-12-24 14:49:11,285 - __main__ - ERROR - Error processing sentence: 'RSVPPredictor' object has no attribute '_trainer'
2024-12-24 14:49:12,269 - __main__ - ERROR - Error processing sentence: 'RSVPPredictor' object has no attribute '_trainer'
2024-12-24 14:49:12,269 - __main__ - ERROR - Error processing sentence: 'RSVPPredictor' object has no attribute '_trainer'
2024-12-24 14:49:29,180 - __main__ - INFO - Loading spaCy model...
2024-12-24 14:49:30,205 - __main__ - INFO - Loading RSVP model...
2024-12-24 14:49:33,753 - __main__ - ERROR - Error processing sentence: 'RSVPPredictor' object has no attribute '_trainer'
2024-12-24 14:49:33,753 - __main__ - ERROR - Error processing sentence: 'RSVPPredictor' object has no attribute '_trainer'
2024-12-24 14:49:33,753 - __main__ - ERROR - Error processing sentence: 'RSVPPredictor' object has no attribute '_trainer'
2024-12-24 14:49:33,754 - __main__ - ERROR - Error processing sentence: 'RSVPPredictor' object has no attribute '_trainer'
2024-12-24 14:49:33,754 - __main__ - ERROR - Error processing sentence: 'RSVPPredictor' object has no attribute '_trainer'
2024-12-24 14:49:33,754 - __main__ - ERROR - Error processing sentence: 'RSVPPredictor' object has no attribute '_trainer'
2024-12-24 14:49:33,755 - __main__ - ERROR - Error processing sentence: 'RSVPPredictor' object has no attribute '_trainer'
2024-12-24 14:49:33,755 - __main__ - ERROR - Error processing sentence: 'RSVPPredictor' object has no attribute '_trainer'
2024-12-24 14:49:33,755 - __main__ - ERROR - Error processing sentence: 'RSVPPredictor' object has no attribute '_trainer'
2024-12-24 14:49:33,755 - __main__ - ERROR - Error processing sentence: 'RSVPPredictor' object has no attribute '_trainer'
2024-12-24 14:49:33,756 - __main__ - ERROR - Error processing sentence: 'RSVPPredictor' object has no attribute '_trainer'
2024-12-24 14:49:33,756 - __main__ - ERROR - Error processing sentence: 'RSVPPredictor' object has no attribute '_trainer'
2024-12-24 14:49:33,756 - __main__ - ERROR - Error processing sentence: 'RSVPPredictor' object has no attribute '_trainer'
2024-12-24 14:49:33,756 - __main__ - ERROR - Error processing sentence: 'RSVPPredictor' object has no attribute '_trainer'
2024-12-24 14:49:33,757 - __main__ - ERROR - Error processing sentence: 'RSVPPredictor' object has no attribute '_trainer'
2024-12-24 14:49:33,757 - __main__ - ERROR - Error processing sentence: 'RSVPPredictor' object has no attribute '_trainer'
2024-12-24 14:49:33,757 - __main__ - ERROR - Error processing sentence: 'RSVPPredictor' object has no attribute '_trainer'
2024-12-24 14:49:33,757 - __main__ - ERROR - Error processing sentence: 'RSVPPredictor' object has no attribute '_trainer'
2024-12-24 14:49:33,758 - __main__ - ERROR - Error processing sentence: 'RSVPPredictor' object has no attribute '_trainer'
2024-12-24 14:49:33,758 - __main__ - ERROR - Error processing sentence: 'RSVPPredictor' object has no attribute '_trainer'
2024-12-24 14:49:37,315 - __main__ - ERROR - Error processing sentence: 'RSVPPredictor' object has no attribute '_trainer'
2024-12-24 14:49:37,316 - __main__ - ERROR - Error processing sentence: 'RSVPPredictor' object has no attribute '_trainer'
2024-12-24 14:49:52,990 - __main__ - INFO - Loading spaCy model...
2024-12-24 14:49:54,205 - __main__ - INFO - Loading RSVP model...
2024-12-24 14:50:04,487 - __main__ - ERROR - Error processing sentence: 'RSVPPredictor' object has no attribute '_trainer'
2024-12-24 14:50:04,488 - __main__ - ERROR - Error processing sentence: 'RSVPPredictor' object has no attribute '_trainer'
2024-12-24 14:50:04,488 - __main__ - ERROR - Error processing sentence: 'RSVPPredictor' object has no attribute '_trainer'
2024-12-24 14:50:04,489 - __main__ - ERROR - Error processing sentence: 'RSVPPredictor' object has no attribute '_trainer'
2024-12-24 14:50:04,489 - __main__ - ERROR - Error processing sentence: 'RSVPPredictor' object has no attribute '_trainer'
2024-12-24 14:50:04,489 - __main__ - ERROR - Error processing sentence: 'RSVPPredictor' object has no attribute '_trainer'
2024-12-24 14:50:04,490 - __main__ - ERROR - Error processing sentence: 'RSVPPredictor' object has no attribute '_trainer'
2024-12-24 14:50:04,490 - __main__ - ERROR - Error processing sentence: 'RSVPPredictor' object has no attribute '_trainer'
2024-12-24 14:50:04,490 - __main__ - ERROR - Error processing sentence: 'RSVPPredictor' object has no attribute '_trainer'
2024-12-24 14:50:04,490 - __main__ - ERROR - Error processing sentence: 'RSVPPredictor' object has no attribute '_trainer'
2024-12-24 14:50:04,491 - __main__ - ERROR - Error processing sentence: 'RSVPPredictor' object has no attribute '_trainer'
2024-12-24 14:50:04,491 - __main__ - ERROR - Error processing sentence: 'RSVPPredictor' object has no attribute '_trainer'
2024-12-24 14:50:04,491 - __main__ - ERROR - Error processing sentence: 'RSVPPredictor' object has no attribute '_trainer'
2024-12-24 14:50:04,491 - __main__ - ERROR - Error processing sentence: 'RSVPPredictor' object has no attribute '_trainer'
2024-12-24 14:50:04,492 - __main__ - ERROR - Error processing sentence: 'RSVPPredictor' object has no attribute '_trainer'
2024-12-24 14:50:04,492 - __main__ - ERROR - Error processing sentence: 'RSVPPredictor' object has no attribute '_trainer'
2024-12-24 14:50:04,492 - __main__ - ERROR - Error processing sentence: 'RSVPPredictor' object has no attribute '_trainer'
2024-12-24 14:50:04,492 - __main__ - ERROR - Error processing sentence: 'RSVPPredictor' object has no attribute '_trainer'
2024-12-24 14:50:04,492 - __main__ - ERROR - Error processing sentence: 'RSVPPredictor' object has no attribute '_trainer'
2024-12-24 14:50:04,493 - __main__ - ERROR - Error processing sentence: 'RSVPPredictor' object has no attribute '_trainer'
2024-12-24 14:50:07,798 - __main__ - ERROR - Error processing sentence: 'RSVPPredictor' object has no attribute '_trainer'
2024-12-24 14:50:07,799 - __main__ - ERROR - Error processing sentence: 'RSVPPredictor' object has no attribute '_trainer'
2024-12-24 14:50:07,799 - __main__ - ERROR - Error processing sentence: 'RSVPPredictor' object has no attribute '_trainer'
2024-12-24 14:50:07,799 - __main__ - ERROR - Error processing sentence: 'RSVPPredictor' object has no attribute '_trainer'
2024-12-24 14:50:07,800 - __main__ - ERROR - Error processing sentence: 'RSVPPredictor' object has no attribute '_trainer'
2024-12-24 14:50:07,800 - __main__ - ERROR - Error processing sentence: 'RSVPPredictor' object has no attribute '_trainer'
2024-12-24 14:50:07,800 - __main__ - ERROR - Error processing sentence: 'RSVPPredictor' object has no attribute '_trainer'
2024-12-24 14:50:07,800 - __main__ - ERROR - Error processing sentence: 'RSVPPredictor' object has no attribute '_trainer'
2024-12-24 14:50:07,801 - __main__ - ERROR - Error processing sentence: 'RSVPPredictor' object has no attribute '_trainer'
2024-12-24 14:50:07,801 - __main__ - ERROR - Error processing sentence: 'RSVPPredictor' object has no attribute '_trainer'
2024-12-24 14:50:07,801 - __main__ - ERROR - Error processing sentence: 'RSVPPredictor' object has no attribute '_trainer'
2024-12-24 14:50:07,802 - __main__ - ERROR - Error processing sentence: 'RSVPPredictor' object has no attribute '_trainer'
2024-12-24 14:50:07,802 - __main__ - ERROR - Error processing sentence: 'RSVPPredictor' object has no attribute '_trainer'
2024-12-24 14:50:07,802 - __main__ - ERROR - Error processing sentence: 'RSVPPredictor' object has no attribute '_trainer'
2024-12-24 14:50:07,802 - __main__ - ERROR - Error processing sentence: 'RSVPPredictor' object has no attribute '_trainer'
2024-12-24 14:50:07,802 - __main__ - ERROR - Error processing sentence: 'RSVPPredictor' object has no attribute '_trainer'
2024-12-24 14:50:07,803 - __main__ - ERROR - Error processing sentence: 'RSVPPredictor' object has no attribute '_trainer'
2024-12-24 14:50:07,803 - __main__ - ERROR - Error processing sentence: 'RSVPPredictor' object has no attribute '_trainer'
2024-12-24 14:50:07,803 - __main__ - ERROR - Error processing sentence: 'RSVPPredictor' object has no attribute '_trainer'
2024-12-24 14:50:07,803 - __main__ - ERROR - Error processing sentence: 'RSVPPredictor' object has no attribute '_trainer'
2024-12-24 14:51:07,717 - __main__ - ERROR - Error processing sentence: 'RSVPPredictor' object has no attribute '_trainer'
2024-12-24 14:51:07,718 - __main__ - ERROR - Error processing sentence: 'RSVPPredictor' object has no attribute '_trainer'
2024-12-24 14:51:07,718 - __main__ - ERROR - Error processing sentence: 'RSVPPredictor' object has no attribute '_trainer'
2024-12-24 14:51:07,719 - __main__ - ERROR - Error processing sentence: 'RSVPPredictor' object has no attribute '_trainer'
2024-12-24 14:51:07,719 - __main__ - ERROR - Error processing sentence: 'RSVPPredictor' object has no attribute '_trainer'
2024-12-24 14:51:07,719 - __main__ - ERROR - Error processing sentence: 'RSVPPredictor' object has no attribute '_trainer'
2024-12-24 14:51:07,719 - __main__ - ERROR - Error processing sentence: 'RSVPPredictor' object has no attribute '_trainer'
2024-12-24 14:51:07,720 - __main__ - ERROR - Error processing sentence: 'RSVPPredictor' object has no attribute '_trainer'
2024-12-24 14:51:07,720 - __main__ - ERROR - Error processing sentence: 'RSVPPredictor' object has no attribute '_trainer'
2024-12-24 14:51:07,720 - __main__ - ERROR - Error processing sentence: 'RSVPPredictor' object has no attribute '_trainer'
2024-12-24 14:51:07,721 - __main__ - ERROR - Error processing sentence: 'RSVPPredictor' object has no attribute '_trainer'
2024-12-24 14:51:07,721 - __main__ - ERROR - Error processing sentence: 'RSVPPredictor' object has no attribute '_trainer'
2024-12-24 14:51:07,721 - __main__ - ERROR - Error processing sentence: 'RSVPPredictor' object has no attribute '_trainer'
2024-12-24 14:51:07,721 - __main__ - ERROR - Error processing sentence: 'RSVPPredictor' object has no attribute '_trainer'
2024-12-24 14:51:07,722 - __main__ - ERROR - Error processing sentence: 'RSVPPredictor' object has no attribute '_trainer'
2024-12-24 14:51:07,722 - __main__ - ERROR - Error processing sentence: 'RSVPPredictor' object has no attribute '_trainer'
2024-12-24 14:51:07,722 - __main__ - ERROR - Error processing sentence: 'RSVPPredictor' object has no attribute '_trainer'
2024-12-24 14:51:07,722 - __main__ - ERROR - Error processing sentence: 'RSVPPredictor' object has no attribute '_trainer'
2024-12-24 14:51:07,723 - __main__ - ERROR - Error processing sentence: 'RSVPPredictor' object has no attribute '_trainer'
2024-12-24 14:51:07,723 - __main__ - ERROR - Error processing sentence: 'RSVPPredictor' object has no attribute '_trainer'
2024-12-24 14:55:47,984 - __main__ - INFO - Loading spaCy model...
2024-12-24 14:55:48,953 - __main__ - INFO - Loading RSVP model...
2024-12-24 14:55:54,498 - __main__ - ERROR - Error processing sentence: 'RSVPPredictor' object has no attribute '_trainer'
2024-12-24 14:55:54,498 - __main__ - ERROR - Error processing sentence: 'RSVPPredictor' object has no attribute '_trainer'
2024-12-24 14:55:54,499 - __main__ - ERROR - Error processing sentence: 'RSVPPredictor' object has no attribute '_trainer'
2024-12-24 14:55:54,499 - __main__ - ERROR - Error processing sentence: 'RSVPPredictor' object has no attribute '_trainer'
2024-12-24 14:55:54,499 - __main__ - ERROR - Error processing sentence: 'RSVPPredictor' object has no attribute '_trainer'
2024-12-24 14:55:54,500 - __main__ - ERROR - Error processing sentence: 'RSVPPredictor' object has no attribute '_trainer'
2024-12-24 14:55:54,500 - __main__ - ERROR - Error processing sentence: 'RSVPPredictor' object has no attribute '_trainer'
2024-12-24 14:55:54,500 - __main__ - ERROR - Error processing sentence: 'RSVPPredictor' object has no attribute '_trainer'
2024-12-24 14:55:54,500 - __main__ - ERROR - Error processing sentence: 'RSVPPredictor' object has no attribute '_trainer'
2024-12-24 14:55:54,501 - __main__ - ERROR - Error processing sentence: 'RSVPPredictor' object has no attribute '_trainer'
2024-12-24 14:55:54,501 - __main__ - ERROR - Error processing sentence: 'RSVPPredictor' object has no attribute '_trainer'
2024-12-24 14:55:54,501 - __main__ - ERROR - Error processing sentence: 'RSVPPredictor' object has no attribute '_trainer'
2024-12-24 14:55:54,501 - __main__ - ERROR - Error processing sentence: 'RSVPPredictor' object has no attribute '_trainer'
2024-12-24 14:55:54,502 - __main__ - ERROR - Error processing sentence: 'RSVPPredictor' object has no attribute '_trainer'
2024-12-24 14:55:54,502 - __main__ - ERROR - Error processing sentence: 'RSVPPredictor' object has no attribute '_trainer'
2024-12-24 14:55:54,502 - __main__ - ERROR - Error processing sentence: 'RSVPPredictor' object has no attribute '_trainer'
2024-12-24 14:55:54,502 - __main__ - ERROR - Error processing sentence: 'RSVPPredictor' object has no attribute '_trainer'
2024-12-24 14:55:54,503 - __main__ - ERROR - Error processing sentence: 'RSVPPredictor' object has no attribute '_trainer'
2024-12-24 14:55:54,503 - __main__ - ERROR - Error processing sentence: 'RSVPPredictor' object has no attribute '_trainer'
2024-12-24 14:55:54,503 - __main__ - ERROR - Error processing sentence: 'RSVPPredictor' object has no attribute '_trainer'
2024-12-24 15:01:11,144 - __main__ - INFO - Loading spaCy model...
2024-12-24 15:01:12,132 - __main__ - INFO - Loading RSVP model...
2024-12-24 15:01:38,832 - __main__ - INFO - Loading spaCy model...
2024-12-24 15:01:39,910 - __main__ - INFO - Loading RSVP model...
2024-12-24 15:02:48,856 - __main__ - INFO - Loading spaCy model...
2024-12-24 15:02:49,906 - __main__ - INFO - Loading RSVP model...
2024-12-24 15:03:02,899 - __main__ - ERROR - Error processing sentence: 'RSVPPredictor' object has no attribute '_trainer'
2024-12-24 15:03:02,899 - __main__ - ERROR - Error processing sentence: 'RSVPPredictor' object has no attribute '_trainer'
2024-12-24 15:03:02,900 - __main__ - ERROR - Error processing sentence: 'RSVPPredictor' object has no attribute '_trainer'
2024-12-24 15:03:02,900 - __main__ - ERROR - Error processing sentence: 'RSVPPredictor' object has no attribute '_trainer'
2024-12-24 15:03:02,900 - __main__ - ERROR - Error processing sentence: 'RSVPPredictor' object has no attribute '_trainer'
2024-12-24 15:03:02,901 - __main__ - ERROR - Error processing sentence: 'RSVPPredictor' object has no attribute '_trainer'
2024-12-24 15:03:02,901 - __main__ - ERROR - Error processing sentence: 'RSVPPredictor' object has no attribute '_trainer'
2024-12-24 15:03:02,901 - __main__ - ERROR - Error processing sentence: 'RSVPPredictor' object has no attribute '_trainer'
2024-12-24 15:03:02,901 - __main__ - ERROR - Error processing sentence: 'RSVPPredictor' object has no attribute '_trainer'
2024-12-24 15:03:02,902 - __main__ - ERROR - Error processing sentence: 'RSVPPredictor' object has no attribute '_trainer'
2024-12-24 15:03:02,902 - __main__ - ERROR - Error processing sentence: 'RSVPPredictor' object has no attribute '_trainer'
2024-12-24 15:03:02,902 - __main__ - ERROR - Error processing sentence: 'RSVPPredictor' object has no attribute '_trainer'
2024-12-24 15:03:02,902 - __main__ - ERROR - Error processing sentence: 'RSVPPredictor' object has no attribute '_trainer'
2024-12-24 15:03:02,903 - __main__ - ERROR - Error processing sentence: 'RSVPPredictor' object has no attribute '_trainer'
2024-12-24 15:03:02,903 - __main__ - ERROR - Error processing sentence: 'RSVPPredictor' object has no attribute '_trainer'
2024-12-24 15:03:02,903 - __main__ - ERROR - Error processing sentence: 'RSVPPredictor' object has no attribute '_trainer'
2024-12-24 15:03:02,904 - __main__ - ERROR - Error processing sentence: 'RSVPPredictor' object has no attribute '_trainer'
2024-12-24 15:03:02,904 - __main__ - ERROR - Error processing sentence: 'RSVPPredictor' object has no attribute '_trainer'
2024-12-24 15:03:02,904 - __main__ - ERROR - Error processing sentence: 'RSVPPredictor' object has no attribute '_trainer'
2024-12-24 15:03:02,904 - __main__ - ERROR - Error processing sentence: 'RSVPPredictor' object has no attribute '_trainer'
2024-12-24 15:03:54,459 - __main__ - INFO - Loading spaCy model...
2024-12-24 15:03:55,662 - __main__ - INFO - Loading RSVP model...
2024-12-24 15:03:55,663 - __main__ - INFO - Initializing RSVPPredictor with model path: best_simple_rsvp_model.pth
2024-12-24 15:03:58,266 - __main__ - INFO - RSVPPredictor initialized successfully
2024-12-24 15:04:15,749 - __main__ - INFO - Loading spaCy model...
2024-12-24 15:04:16,913 - __main__ - INFO - Loading RSVP model...
2024-12-24 15:04:16,914 - __main__ - INFO - Initializing RSVPPredictor with model path: best_simple_rsvp_model.pth
2024-12-24 15:04:18,690 - __main__ - INFO - RSVPPredictor initialized successfully
2024-12-24 15:05:03,526 - __main__ - ERROR - Error processing sentence: 'RSVPPredictor' object has no attribute '_trainer'
2024-12-24 15:05:03,527 - __main__ - ERROR - Error processing sentence: 'RSVPPredictor' object has no attribute '_trainer'
2024-12-24 15:05:03,527 - __main__ - ERROR - Error processing sentence: 'RSVPPredictor' object has no attribute '_trainer'
2024-12-24 15:05:03,528 - __main__ - ERROR - Error processing sentence: 'RSVPPredictor' object has no attribute '_trainer'
2024-12-24 15:05:03,528 - __main__ - ERROR - Error processing sentence: 'RSVPPredictor' object has no attribute '_trainer'
2024-12-24 15:05:03,528 - __main__ - ERROR - Error processing sentence: 'RSVPPredictor' object has no attribute '_trainer'
2024-12-24 15:05:03,529 - __main__ - ERROR - Error processing sentence: 'RSVPPredictor' object has no attribute '_trainer'
2024-12-24 15:05:03,529 - __main__ - ERROR - Error processing sentence: 'RSVPPredictor' object has no attribute '_trainer'
2024-12-24 15:05:03,529 - __main__ - ERROR - Error processing sentence: 'RSVPPredictor' object has no attribute '_trainer'
2024-12-24 15:05:03,529 - __main__ - ERROR - Error processing sentence: 'RSVPPredictor' object has no attribute '_trainer'
2024-12-24 15:05:03,530 - __main__ - ERROR - Error processing sentence: 'RSVPPredictor' object has no attribute '_trainer'
2024-12-24 15:05:03,530 - __main__ - ERROR - Error processing sentence: 'RSVPPredictor' object has no attribute '_trainer'
2024-12-24 15:05:03,530 - __main__ - ERROR - Error processing sentence: 'RSVPPredictor' object has no attribute '_trainer'
2024-12-24 15:05:03,530 - __main__ - ERROR - Error processing sentence: 'RSVPPredictor' object has no attribute '_trainer'
2024-12-24 15:05:03,530 - __main__ - ERROR - Error processing sentence: 'RSVPPredictor' object has no attribute '_trainer'
2024-12-24 15:05:03,531 - __main__ - ERROR - Error processing sentence: 'RSVPPredictor' object has no attribute '_trainer'
2024-12-24 15:05:03,531 - __main__ - ERROR - Error processing sentence: 'RSVPPredictor' object has no attribute '_trainer'
2024-12-24 15:05:03,531 - __main__ - ERROR - Error processing sentence: 'RSVPPredictor' object has no attribute '_trainer'
2024-12-24 15:05:03,531 - __main__ - ERROR - Error processing sentence: 'RSVPPredictor' object has no attribute '_trainer'
2024-12-24 15:05:03,532 - __main__ - ERROR - Error processing sentence: 'RSVPPredictor' object has no attribute '_trainer'
2024-12-24 15:06:03,376 - __main__ - ERROR - Error processing sentence: 'RSVPPredictor' object has no attribute '_trainer'
2024-12-24 15:06:03,377 - __main__ - ERROR - Error processing sentence: 'RSVPPredictor' object has no attribute '_trainer'
2024-12-24 15:06:03,377 - __main__ - ERROR - Error processing sentence: 'RSVPPredictor' object has no attribute '_trainer'
2024-12-24 15:06:03,377 - __main__ - ERROR - Error processing sentence: 'RSVPPredictor' object has no attribute '_trainer'
2024-12-24 15:06:03,377 - __main__ - ERROR - Error processing sentence: 'RSVPPredictor' object has no attribute '_trainer'
2024-12-24 15:06:03,378 - __main__ - ERROR - Error processing sentence: 'RSVPPredictor' object has no attribute '_trainer'
2024-12-24 15:06:03,378 - __main__ - ERROR - Error processing sentence: 'RSVPPredictor' object has no attribute '_trainer'
2024-12-24 15:06:03,378 - __main__ - ERROR - Error processing sentence: 'RSVPPredictor' object has no attribute '_trainer'
2024-12-24 15:06:03,378 - __main__ - ERROR - Error processing sentence: 'RSVPPredictor' object has no attribute '_trainer'
2024-12-24 15:06:03,379 - __main__ - ERROR - Error processing sentence: 'RSVPPredictor' object has no attribute '_trainer'
2024-12-24 15:06:03,379 - __main__ - ERROR - Error processing sentence: 'RSVPPredictor' object has no attribute '_trainer'
2024-12-24 15:06:03,379 - __main__ - ERROR - Error processing sentence: 'RSVPPredictor' object has no attribute '_trainer'
2024-12-24 15:06:03,379 - __main__ - ERROR - Error processing sentence: 'RSVPPredictor' object has no attribute '_trainer'
2024-12-24 15:06:03,380 - __main__ - ERROR - Error processing sentence: 'RSVPPredictor' object has no attribute '_trainer'
2024-12-24 15:06:03,380 - __main__ - ERROR - Error processing sentence: 'RSVPPredictor' object has no attribute '_trainer'
2024-12-24 15:06:03,380 - __main__ - ERROR - Error processing sentence: 'RSVPPredictor' object has no attribute '_trainer'
2024-12-24 15:06:03,381 - __main__ - ERROR - Error processing sentence: 'RSVPPredictor' object has no attribute '_trainer'
2024-12-24 15:06:03,381 - __main__ - ERROR - Error processing sentence: 'RSVPPredictor' object has no attribute '_trainer'
2024-12-24 15:06:03,381 - __main__ - ERROR - Error processing sentence: 'RSVPPredictor' object has no attribute '_trainer'
2024-12-24 15:06:03,382 - __main__ - ERROR - Error processing sentence: 'RSVPPredictor' object has no attribute '_trainer'
2024-12-24 15:06:42,296 - __main__ - ERROR - Error processing sentence: 'RSVPPredictor' object has no attribute '_trainer'
2024-12-24 15:06:42,296 - __main__ - ERROR - Error processing sentence: 'RSVPPredictor' object has no attribute '_trainer'
2024-12-24 15:06:54,847 - __main__ - ERROR - Error processing sentence: 'RSVPPredictor' object has no attribute '_trainer'
2024-12-24 15:06:54,847 - __main__ - ERROR - Error processing sentence: 'RSVPPredictor' object has no attribute '_trainer'
2024-12-24 15:08:44,808 - __main__ - INFO - Loading spaCy model...
2024-12-24 15:08:45,869 - __main__ - INFO - Loading RSVP model...
2024-12-24 15:08:45,870 - __main__ - INFO - Initializing RSVPPredictor with model path: best_simple_rsvp_model.pth
2024-12-24 15:08:48,006 - __main__ - INFO - RSVPPredictor initialization successful
2024-12-24 15:08:51,613 - __main__ - ERROR - Error during cleanup: 'RSVPPredictor' object has no attribute 'cleanup'
2024-12-24 15:09:06,071 - __main__ - ERROR - Error during cleanup: 'RSVPPredictor' object has no attribute 'cleanup'
2024-12-24 15:09:16,520 - __main__ - ERROR - Error during cleanup: 'RSVPPredictor' object has no attribute 'cleanup'
2024-12-24 15:09:16,569 - __main__ - ERROR - Error during cleanup: 'RSVPPredictor' object has no attribute 'cleanup'
2024-12-24 15:09:35,792 - __main__ - ERROR - Error during cleanup: 'RSVPPredictor' object has no attribute 'cleanup'
2024-12-24 15:09:35,804 - __main__ - ERROR - Error during cleanup: 'RSVPPredictor' object has no attribute 'cleanup'
2024-12-24 15:09:46,239 - __main__ - ERROR - Error during cleanup: 'RSVPPredictor' object has no attribute 'cleanup'
2024-12-24 15:09:46,571 - __main__ - ERROR - Error during cleanup: 'RSVPPredictor' object has no attribute 'cleanup'
2024-12-24 15:10:05,232 - __main__ - ERROR - Error during cleanup: 'RSVPPredictor' object has no attribute 'cleanup'
2024-12-24 15:10:05,264 - __main__ - ERROR - Error during cleanup: 'RSVPPredictor' object has no attribute 'cleanup'
2024-12-24 15:11:08,166 - __main__ - ERROR - Error during cleanup: 'RSVPPredictor' object has no attribute 'cleanup'
2024-12-24 15:11:08,999 - __main__ - ERROR - Error during cleanup: 'RSVPPredictor' object has no attribute 'cleanup'
2024-12-24 15:12:47,677 - __main__ - ERROR - Error during cleanup: 'RSVPPredictor' object has no attribute 'cleanup'
2024-12-24 15:12:47,753 - __main__ - ERROR - Error during cleanup: 'RSVPPredictor' object has no attribute 'cleanup'
2024-12-24 15:13:16,680 - __main__ - ERROR - Error during cleanup: 'RSVPPredictor' object has no attribute 'cleanup'
2024-12-24 15:13:19,976 - __main__ - ERROR - Error during cleanup: 'RSVPPredictor' object has no attribute 'cleanup'
2024-12-24 15:13:21,507 - __main__ - ERROR - Error during cleanup: 'RSVPPredictor' object has no attribute 'cleanup'
2024-12-24 15:13:34,165 - __main__ - ERROR - Error during cleanup: 'RSVPPredictor' object has no attribute 'cleanup'
2024-12-24 15:13:34,215 - __main__ - ERROR - Error during cleanup: 'RSVPPredictor' object has no attribute 'cleanup'
2024-12-24 15:14:10,508 - __main__ - ERROR - Error during cleanup: 'RSVPPredictor' object has no attribute 'cleanup'
2024-12-24 15:14:10,550 - __main__ - ERROR - Error during cleanup: 'RSVPPredictor' object has no attribute 'cleanup'
2024-12-24 15:14:12,441 - __main__ - ERROR - Error during cleanup: 'RSVPPredictor' object has no attribute 'cleanup'
2024-12-24 15:14:20,437 - __main__ - ERROR - Error during cleanup: 'RSVPPredictor' object has no attribute 'cleanup'
2024-12-24 15:14:20,444 - __main__ - ERROR - Error during cleanup: 'RSVPPredictor' object has no attribute 'cleanup'
2024-12-24 15:14:53,812 - __main__ - INFO - Loading spaCy model...
2024-12-24 15:14:54,890 - __main__ - INFO - Loading RSVP model...
2024-12-24 15:14:54,891 - __main__ - INFO - Initializing RSVPPredictor with model path: best_simple_rsvp_model.pth
2024-12-24 15:14:56,784 - __main__ - INFO - RSVPPredictor initialization successful
2024-12-24 15:15:20,494 - __main__ - ERROR - Error during cleanup: 'RSVPPredictor' object has no attribute 'cleanup'
2024-12-24 15:15:26,691 - __main__ - ERROR - Error during cleanup: 'RSVPPredictor' object has no attribute 'cleanup'
2024-12-24 15:17:11,538 - __main__ - INFO - Loading spaCy model...
2024-12-24 15:17:12,561 - __main__ - INFO - Loading RSVP model...
2024-12-24 15:17:12,561 - __main__ - INFO - Initializing RSVPPredictor with model path: best_simple_rsvp_model.pth
2024-12-24 15:17:14,219 - __main__ - INFO - RSVPPredictor initialization successful
2024-12-24 15:17:26,495 - __main__ - INFO - Loading spaCy model...
2024-12-24 15:17:27,593 - __main__ - INFO - Loading RSVP model...
2024-12-24 15:17:27,594 - __main__ - INFO - Initializing RSVPPredictor with model path: best_simple_rsvp_model.pth
2024-12-24 15:17:29,435 - __main__ - INFO - RSVPPredictor initialization successful
2024-12-24 15:17:30,427 - __main__ - ERROR - Error during cleanup: 'RSVPPredictor' object has no attribute 'cleanup'
2024-12-24 15:18:31,609 - __main__ - ERROR - Error during cleanup: 'RSVPPredictor' object has no attribute 'cleanup'
2024-12-24 15:18:51,049 - __main__ - ERROR - Error during cleanup: 'RSVPPredictor' object has no attribute 'cleanup'
2024-12-24 15:18:51,629 - __main__ - ERROR - Error during cleanup: 'RSVPPredictor' object has no attribute 'cleanup'
2024-12-24 15:19:18,758 - __main__ - INFO - Loading spaCy model...
2024-12-24 15:19:19,881 - __main__ - INFO - Loading RSVP model...
2024-12-24 15:19:19,883 - __main__ - INFO - Initializing RSVPPredictor with model path: best_simple_rsvp_model.pth
2024-12-24 15:19:21,687 - __main__ - INFO - RSVPPredictor initialization successful
2024-12-24 15:19:23,232 - __main__ - ERROR - Error during cleanup: 'RSVPPredictor' object has no attribute 'cleanup'
2024-12-24 15:19:25,565 - __main__ - ERROR - Error during cleanup: 'RSVPPredictor' object has no attribute 'cleanup'
2024-12-24 15:19:28,801 - __main__ - ERROR - Error during cleanup: 'RSVPPredictor' object has no attribute 'cleanup'
2024-12-24 15:19:29,302 - __main__ - ERROR - Error during cleanup: 'RSVPPredictor' object has no attribute 'cleanup'
